============================= test session starts ==============================
platform linux -- Python 3.12.13, pytest-9.0.2, pluggy-1.6.0
rootdir: /app/backend/fixed-backend
plugins: anyio-4.13.0
collected 0 items / 1 error

==================================== ERRORS ====================================
__________________________ ERROR collecting app/tests __________________________
/home/jules/.pyenv/versions/3.12.13/lib/python3.12/importlib/__init__.py:90: in import_module
    return _bootstrap._gcd_import(name[level:], package, level)
           ^^^^^^^^^^^^^^^^^^^^^^^^^^^^^^^^^^^^^^^^^^^^^^^^^^^^
<frozen importlib._bootstrap>:1387: in _gcd_import
    ???
<frozen importlib._bootstrap>:1360: in _find_and_load
    ???
<frozen importlib._bootstrap>:1331: in _find_and_load_unlocked
    ???
<frozen importlib._bootstrap>:935: in _load_unlocked
    ???
/home/jules/.pyenv/versions/3.12.13/lib/python3.12/site-packages/_pytest/assertion/rewrite.py:197: in exec_module
    exec(co, module.__dict__)
app/tests/conftest.py:5: in <module>
    from app.main import app
app/main.py:17: in <module>
    from app.database import engine, Base
E   ImportError: cannot import name 'engine' from 'app.database' (/app/backend/fixed-backend/app/database.py)
=============================== warnings summary ===============================
../../../home/jules/.pyenv/versions/3.12.13/lib/python3.12/site-packages/pydantic/_internal/_config.py:295: 32 warnings
  /home/jules/.pyenv/versions/3.12.13/lib/python3.12/site-packages/pydantic/_internal/_config.py:295: PydanticDeprecatedSince20: Support for class-based `config` is deprecated, use ConfigDict instead. Deprecated in Pydantic V2.0 to be removed in V3.0. See Pydantic V2 Migration Guide at https://errors.pydantic.dev/2.10/migration/
    warnings.warn(DEPRECATION_MESSAGE, DeprecationWarning)

app/database.py:44
  /app/backend/fixed-backend/app/database.py:44: MovedIn20Warning: The ``declarative_base()`` function is now available as sqlalchemy.orm.declarative_base(). (deprecated since: 2.0) (Background on SQLAlchemy 2.0 at: https://sqlalche.me/e/b8d9)
    Base = declarative_base()

app/schemas/auth.py:19
  /app/backend/fixed-backend/app/schemas/auth.py:19: PydanticDeprecatedSince20: Pydantic V1 style `@validator` validators are deprecated. You should migrate to Pydantic V2 style `@field_validator` validators, see the migration guide for more details. Deprecated in Pydantic V2.0 to be removed in V3.0. See Pydantic V2 Migration Guide at https://errors.pydantic.dev/2.10/migration/
    @validator('goal')

app/schemas/auth.py:28
  /app/backend/fixed-backend/app/schemas/auth.py:28: PydanticDeprecatedSince20: Pydantic V1 style `@validator` validators are deprecated. You should migrate to Pydantic V2 style `@field_validator` validators, see the migration guide for more details. Deprecated in Pydantic V2.0 to be removed in V3.0. See Pydantic V2 Migration Guide at https://errors.pydantic.dev/2.10/migration/
    @validator('height', 'weight', 'weight_goal')

app/schemas/booking.py:15
  /app/backend/fixed-backend/app/schemas/booking.py:15: PydanticDeprecatedSince20: Pydantic V1 style `@validator` validators are deprecated. You should migrate to Pydantic V2 style `@field_validator` validators, see the migration guide for more details. Deprecated in Pydantic V2.0 to be removed in V3.0. See Pydantic V2 Migration Guide at https://errors.pydantic.dev/2.10/migration/
    @validator('end_time')

app/api/v1/profile.py:16
  /app/backend/fixed-backend/app/api/v1/profile.py:16: DeprecationWarning: 'imghdr' is deprecated and slated for removal in Python 3.13
    import imghdr

-- Docs: https://docs.pytest.org/en/stable/how-to/capture-warnings.html
=========================== short test summary info ============================
ERROR app/tests - ImportError: cannot import name 'engine' from 'app.database...
!!!!!!!!!!!!!!!!!!!! Interrupted: 1 error during collection !!!!!!!!!!!!!!!!!!!!
======================== 37 warnings, 1 error in 2.63s =========================
