============================= test session starts ==============================
platform linux -- Python 3.12.13, pytest-9.0.2, pluggy-1.6.0
rootdir: /app/backend/fixed-backend
plugins: anyio-4.13.0
collected 0 items / 1 error

==================================== ERRORS ====================================
__________________________ ERROR collecting app/tests __________________________
/home/jules/.pyenv/versions/3.12.13/lib/python3.12/importlib/__init__.py:90: in import_module
    return _bootstrap._gcd_import(name[level:], package, level)
           ^^^^^^^^^^^^^^^^^^^^^^^^^^^^^^^^^^^^^^^^^^^^^^^^^^^^
<frozen importlib._bootstrap>:1387: in _gcd_import
    ???
<frozen importlib._bootstrap>:1360: in _find_and_load
    ???
<frozen importlib._bootstrap>:1331: in _find_and_load_unlocked
    ???
<frozen importlib._bootstrap>:935: in _load_unlocked
    ???
/home/jules/.pyenv/versions/3.12.13/lib/python3.12/site-packages/_pytest/assertion/rewrite.py:197: in exec_module
    exec(co, module.__dict__)
app/tests/conftest.py:5: in <module>
    from app.main import app
app/main.py:11: in <module>
    from app.api.v1 import (
app/api/v1/auth.py:11: in <module>
    from app.database import get_db
app/database.py:48: in <module>
    engine = create_engine(
<string>:2: in create_engine
    ???
/home/jules/.pyenv/versions/3.12.13/lib/python3.12/site-packages/sqlalchemy/util/deprecations.py:281: in warned
    return fn(*args, **kwargs)  # type: ignore[no-any-return]
           ^^^^^^^^^^^^^^^^^^^
/home/jules/.pyenv/versions/3.12.13/lib/python3.12/site-packages/sqlalchemy/engine/create.py:599: in create_engine
    dbapi = dbapi_meth(**dbapi_args)
            ^^^^^^^^^^^^^^^^^^^^^^^^
/home/jules/.pyenv/versions/3.12.13/lib/python3.12/site-packages/sqlalchemy/connectors/pyodbc.py:60: in import_dbapi
    return __import__("pyodbc")
           ^^^^^^^^^^^^^^^^^^^^
E   ImportError: libodbc.so.2: cannot open shared object file: No such file or directory
=============================== warnings summary ===============================
../../../home/jules/.pyenv/versions/3.12.13/lib/python3.12/site-packages/pydantic/_internal/_config.py:295
  /home/jules/.pyenv/versions/3.12.13/lib/python3.12/site-packages/pydantic/_internal/_config.py:295: PydanticDeprecatedSince20: Support for class-based `config` is deprecated, use ConfigDict instead. Deprecated in Pydantic V2.0 to be removed in V3.0. See Pydantic V2 Migration Guide at https://errors.pydantic.dev/2.10/migration/
    warnings.warn(DEPRECATION_MESSAGE, DeprecationWarning)

-- Docs: https://docs.pytest.org/en/stable/how-to/capture-warnings.html
=========================== short test summary info ============================
ERROR app/tests - ImportError: libodbc.so.2: cannot open shared object file: ...
!!!!!!!!!!!!!!!!!!!! Interrupted: 1 error during collection !!!!!!!!!!!!!!!!!!!!
========================= 1 warning, 1 error in 1.41s ==========================
